<?xml version="1.0" encoding="UTF-8"?>
<!-- Generated by org.testng.reporters.JUnitReportReporter -->
<testsuite hostname="DESKTOP-K5ELJUF" failures="0" tests="4" name="testngprogramme.DataProviderTest" time="28.325" errors="0" timestamp="2024-01-16T11:40:25 IST" skipped="0">
  <testcase classname="testngprogramme.DataProviderTest" name="testLogin" time="1.517"/>
  <testcase classname="testngprogramme.DataProviderTest" name="testLogin" time="11.745"/>
  <testcase classname="testngprogramme.DataProviderTest" name="testLogin" time="8.238"/>
  <testcase classname="testngprogramme.DataProviderTest" name="testLogin" time="6.825"/>
</testsuite> <!-- testngprogramme.DataProviderTest -->
