<?xml version="1.0" encoding="UTF-8"?>
<!-- Generated by org.testng.reporters.JUnitReportReporter -->
<testsuite hostname="DESKTOP-K5ELJUF" failures="0" tests="4" name="testngprogramme.ParallelTest" time="0.228" errors="0" timestamp="2024-01-16T15:13:42 IST" skipped="0">
  <testcase classname="testngprogramme.ParallelTest" name="testLogo" time="0.100"/>
  <testcase classname="testngprogramme.ParallelTest" name="testLogo" time="0.065"/>
  <testcase classname="testngprogramme.ParallelTest" name="testHomePageTitle" time="0.040"/>
  <testcase classname="testngprogramme.ParallelTest" name="testHomePageTitle" time="0.023"/>
</testsuite> <!-- testngprogramme.ParallelTest -->
