<?xml version="1.0" encoding="UTF-8"?>
<!-- Generated by org.testng.reporters.JUnitReportReporter -->
<testsuite hostname="DESKTOP-K5ELJUF" failures="0" tests="1" name="testngprogramme.MyFirstTest" time="3.306" errors="0" timestamp="2024-01-15T12:28:37 IST" skipped="0">
  <testcase classname="testngprogramme.MyFirstTest" name="login" time="3.306"/>
</testsuite> <!-- testngprogramme.MyFirstTest -->
